2025-10-07 08:17:12,719 - INFO - event=LOGIN user=alphie@gmail.com app=None amount=None status=None recommended_picked=None
2025-10-07 08:17:12,719 - INFO - event=LOGIN user=alphie@gmail.com app=None amount=None status=None recommended_picked=None
2025-10-07 08:17:12,719 - INFO - event=LOGIN user=alphie@gmail.com app=None amount=None status=None recommended_picked=None
2025-10-07 08:17:12,719 - INFO - event=LOGIN user=alphie@gmail.com app=None amount=None status=None recommended_picked=None
2025-10-07 08:17:12,719 - INFO - event=LOGIN user=alphie@gmail.com app=None amount=None status=None recommended_picked=None
2025-10-07 08:17:12,719 - INFO - event=LOGIN user=alphie@gmail.com app=None amount=None status=None recommended_picked=None
2025-10-07 08:17:12,719 - INFO - event=LOGIN user=alphie@gmail.com app=None amount=None status=None recommended_picked=None
2025-10-07 08:17:12,719 - INFO - event=LOGIN user=alphie@gmail.com app=None amount=None status=None recommended_picked=None
2025-10-07 08:17:12,719 - INFO - event=LOGIN user=alphie@gmail.com app=None amount=None status=None recommended_picked=None
2025-10-07 08:17:12,719 - INFO - event=LOGIN user=alphie@gmail.com app=None amount=None status=None recommended_picked=None
2025-10-07 08:17:12,719 - INFO - event=LOGIN user=alphie@gmail.com app=None amount=None status=None recommended_picked=None
2025-10-07 08:17:34,192 - INFO - event=LOGIN user=alphie@gmail.com app=None amount=None status=None recommended_picked=None
2025-10-07 08:17:34,192 - INFO - event=LOGIN user=alphie@gmail.com app=None amount=None status=None recommended_picked=None
2025-10-07 08:17:34,192 - INFO - event=LOGIN user=alphie@gmail.com app=None amount=None status=None recommended_picked=None
2025-10-07 08:17:34,192 - INFO - event=LOGIN user=alphie@gmail.com app=None amount=None status=None recommended_picked=None
2025-10-07 08:17:34,192 - INFO - event=LOGIN user=alphie@gmail.com app=None amount=None status=None recommended_picked=None
2025-10-07 08:17:34,192 - INFO - event=LOGIN user=alphie@gmail.com app=None amount=None status=None recommended_picked=None
2025-10-07 08:17:34,192 - INFO - event=LOGIN user=alphie@gmail.com app=None amount=None status=None recommended_picked=None
2025-10-07 08:17:34,192 - INFO - event=LOGIN user=alphie@gmail.com app=None amount=None status=None recommended_picked=None
2025-10-07 08:17:34,192 - INFO - event=LOGIN user=alphie@gmail.com app=None amount=None status=None recommended_picked=None
2025-10-07 08:17:34,192 - INFO - event=LOGIN user=alphie@gmail.com app=None amount=None status=None recommended_picked=None
2025-10-07 08:17:34,192 - INFO - event=LOGIN user=alphie@gmail.com app=None amount=None status=None recommended_picked=None
2025-10-07 08:17:34,192 - INFO - event=LOGIN user=alphie@gmail.com app=None amount=None status=None recommended_picked=None
2025-10-07 08:17:34,192 - INFO - event=LOGIN user=alphie@gmail.com app=None amount=None status=None recommended_picked=None
2025-10-07 08:17:34,192 - INFO - event=LOGIN user=alphie@gmail.com app=None amount=None status=None recommended_picked=None
2025-10-07 08:17:34,192 - INFO - event=LOGIN user=alphie@gmail.com app=None amount=None status=None recommended_picked=None
2025-10-07 08:17:34,192 - INFO - event=LOGIN user=alphie@gmail.com app=None amount=None status=None recommended_picked=None
2025-10-07 08:22:22,529 - INFO - event=LOGIN user=alphie@gmail.com app=None amount=None status=None recommended_picked=None
2025-10-07 08:22:57,686 - INFO - event=LOGIN user=alphie@gmail.com app=None amount=None status=None recommended_picked=None
2025-10-07 08:22:57,686 - INFO - event=LOGIN user=alphie@gmail.com app=None amount=None status=None recommended_picked=None
2025-10-07 08:22:57,686 - INFO - event=LOGIN user=alphie@gmail.com app=None amount=None status=None recommended_picked=None
2025-10-07 08:32:43,526 - INFO - event=LOGIN user=alphie@gmail.com app=None amount=None status=None recommended_picked=None
2025-10-07 08:35:28,707 - INFO - event=LOGIN user=alphie@gmail.com app=None amount=None status=None recommended_picked=None
2025-10-07 08:35:58,575 - INFO - event=LOGIN user=alphie@gmail.com app=None amount=None status=None recommended_picked=None
2025-10-07 08:35:58,575 - INFO - event=LOGIN user=alphie@gmail.com app=None amount=None status=None recommended_picked=None
2025-10-07 08:35:58,575 - INFO - event=LOGIN user=alphie@gmail.com app=None amount=None status=None recommended_picked=None
2025-10-07 08:35:58,575 - INFO - event=LOGIN user=alphie@gmail.com app=None amount=None status=None recommended_picked=None
2025-10-07 08:35:58,575 - INFO - event=LOGIN user=alphie@gmail.com app=None amount=None status=None recommended_picked=None
2025-10-07 08:42:56,212 - INFO - event=LOGIN user=alphie@gmail.com app=None amount=None status=None recommended_picked=None
2025-10-07 08:52:46,948 - INFO - event=LOGIN user=alphie@gmail.com app=None amount=None status=None recommended_picked=None
2025-10-07 08:52:46,948 - INFO - event=LOGIN user=alphie@gmail.com app=None amount=None status=None recommended_picked=None
2025-10-07 08:52:46,948 - INFO - event=LOGIN user=alphie@gmail.com app=None amount=None status=None recommended_picked=None
2025-10-07 08:52:58,903 - INFO - event=APPLICATION_CREATED user=alphie@gmail.com app=1 amount=100000.0 status=SUGGESTED recommended_picked=None
2025-10-07 08:52:58,903 - INFO - event=APPLICATION_CREATED user=alphie@gmail.com app=1 amount=100000.0 status=SUGGESTED recommended_picked=None
2025-10-07 08:52:58,903 - INFO - event=APPLICATION_CREATED user=alphie@gmail.com app=1 amount=100000.0 status=SUGGESTED recommended_picked=None
2025-10-07 08:52:58,903 - INFO - event=APPLICATION_CREATED user=alphie@gmail.com app=1 amount=100000.0 status=SUGGESTED recommended_picked=None
2025-10-07 08:52:58,903 - INFO - event=APPLICATION_CREATED user=alphie@gmail.com app=1 amount=100000.0 status=SUGGESTED recommended_picked=None
2025-10-07 08:53:03,826 - INFO - event=PICK_OPTION user=alphie@gmail.com app=1 amount=100000.0 status=PENDING recommended_picked=False
2025-10-07 08:53:03,826 - INFO - event=PICK_OPTION user=alphie@gmail.com app=1 amount=100000.0 status=PENDING recommended_picked=False
2025-10-07 08:53:03,826 - INFO - event=PICK_OPTION user=alphie@gmail.com app=1 amount=100000.0 status=PENDING recommended_picked=False
2025-10-07 08:53:03,826 - INFO - event=PICK_OPTION user=alphie@gmail.com app=1 amount=100000.0 status=PENDING recommended_picked=False
2025-10-07 08:53:03,826 - INFO - event=PICK_OPTION user=alphie@gmail.com app=1 amount=100000.0 status=PENDING recommended_picked=False
2025-10-07 08:53:03,826 - INFO - event=PICK_OPTION user=alphie@gmail.com app=1 amount=100000.0 status=PENDING recommended_picked=False
2025-10-07 08:53:07,072 - INFO - event=MANAGER_DECISION user=alphie@gmail.com app=1 amount=100000.0 status=REJECTED recommended_picked=False
2025-10-07 08:53:07,072 - INFO - event=MANAGER_DECISION user=alphie@gmail.com app=1 amount=100000.0 status=REJECTED recommended_picked=False
2025-10-07 08:53:07,072 - INFO - event=MANAGER_DECISION user=alphie@gmail.com app=1 amount=100000.0 status=REJECTED recommended_picked=False
2025-10-07 08:53:07,072 - INFO - event=MANAGER_DECISION user=alphie@gmail.com app=1 amount=100000.0 status=REJECTED recommended_picked=False
2025-10-07 08:53:07,072 - INFO - event=MANAGER_DECISION user=alphie@gmail.com app=1 amount=100000.0 status=REJECTED recommended_picked=False
2025-10-07 08:53:07,072 - INFO - event=MANAGER_DECISION user=alphie@gmail.com app=1 amount=100000.0 status=REJECTED recommended_picked=False
2025-10-07 08:53:07,072 - INFO - event=MANAGER_DECISION user=alphie@gmail.com app=1 amount=100000.0 status=REJECTED recommended_picked=False
2025-10-07 08:53:07,072 - INFO - event=MANAGER_DECISION user=alphie@gmail.com app=1 amount=100000.0 status=REJECTED recommended_picked=False
2025-10-07 12:01:21,906 - INFO - event=LOGIN user=alphie@gmail.com app=None amount=None status=None recommended_picked=None
2025-10-07 12:01:21,906 - INFO - event=LOGIN user=alphie@gmail.com app=None amount=None status=None recommended_picked=None
2025-10-07 12:01:21,906 - INFO - event=LOGIN user=alphie@gmail.com app=None amount=None status=None recommended_picked=None
2025-10-07 12:01:21,906 - INFO - event=LOGIN user=alphie@gmail.com app=None amount=None status=None recommended_picked=None
2025-10-07 12:01:21,906 - INFO - event=LOGIN user=alphie@gmail.com app=None amount=None status=None recommended_picked=None
2025-10-07 12:01:32,253 - INFO - event=APPLICATION_CREATED user=alphie@gmail.com app=2 amount=100000.0 status=SUGGESTED recommended_picked=None
2025-10-07 12:01:32,253 - INFO - event=APPLICATION_CREATED user=alphie@gmail.com app=2 amount=100000.0 status=SUGGESTED recommended_picked=None
2025-10-07 12:01:32,253 - INFO - event=APPLICATION_CREATED user=alphie@gmail.com app=2 amount=100000.0 status=SUGGESTED recommended_picked=None
2025-10-07 12:01:32,253 - INFO - event=APPLICATION_CREATED user=alphie@gmail.com app=2 amount=100000.0 status=SUGGESTED recommended_picked=None
2025-10-07 12:01:32,253 - INFO - event=APPLICATION_CREATED user=alphie@gmail.com app=2 amount=100000.0 status=SUGGESTED recommended_picked=None
2025-10-07 12:01:32,253 - INFO - event=APPLICATION_CREATED user=alphie@gmail.com app=2 amount=100000.0 status=SUGGESTED recommended_picked=None
2025-10-07 12:01:32,253 - INFO - event=APPLICATION_CREATED user=alphie@gmail.com app=2 amount=100000.0 status=SUGGESTED recommended_picked=None
2025-10-07 12:01:50,362 - INFO - event=PICK_OPTION user=alphie@gmail.com app=2 amount=100000.0 status=PENDING recommended_picked=False
2025-10-07 12:01:50,362 - INFO - event=PICK_OPTION user=alphie@gmail.com app=2 amount=100000.0 status=PENDING recommended_picked=False
2025-10-07 12:01:50,362 - INFO - event=PICK_OPTION user=alphie@gmail.com app=2 amount=100000.0 status=PENDING recommended_picked=False
2025-10-07 12:01:50,362 - INFO - event=PICK_OPTION user=alphie@gmail.com app=2 amount=100000.0 status=PENDING recommended_picked=False
2025-10-07 12:01:50,362 - INFO - event=PICK_OPTION user=alphie@gmail.com app=2 amount=100000.0 status=PENDING recommended_picked=False
2025-10-07 12:01:50,362 - INFO - event=PICK_OPTION user=alphie@gmail.com app=2 amount=100000.0 status=PENDING recommended_picked=False
2025-10-07 12:01:50,362 - INFO - event=PICK_OPTION user=alphie@gmail.com app=2 amount=100000.0 status=PENDING recommended_picked=False
2025-10-07 12:01:50,362 - INFO - event=PICK_OPTION user=alphie@gmail.com app=2 amount=100000.0 status=PENDING recommended_picked=False
2025-10-07 12:02:02,593 - INFO - event=MANAGER_DECISION user=alphie@gmail.com app=2 amount=100000.0 status=APPROVED recommended_picked=False
2025-10-07 12:02:02,593 - INFO - event=MANAGER_DECISION user=alphie@gmail.com app=2 amount=100000.0 status=APPROVED recommended_picked=False
2025-10-07 12:02:02,593 - INFO - event=MANAGER_DECISION user=alphie@gmail.com app=2 amount=100000.0 status=APPROVED recommended_picked=False
2025-10-07 12:02:02,593 - INFO - event=MANAGER_DECISION user=alphie@gmail.com app=2 amount=100000.0 status=APPROVED recommended_picked=False
2025-10-07 12:02:02,593 - INFO - event=MANAGER_DECISION user=alphie@gmail.com app=2 amount=100000.0 status=APPROVED recommended_picked=False
2025-10-07 12:02:02,593 - INFO - event=MANAGER_DECISION user=alphie@gmail.com app=2 amount=100000.0 status=APPROVED recommended_picked=False
2025-10-07 12:02:02,593 - INFO - event=MANAGER_DECISION user=alphie@gmail.com app=2 amount=100000.0 status=APPROVED recommended_picked=False
2025-10-07 12:02:02,593 - INFO - event=MANAGER_DECISION user=alphie@gmail.com app=2 amount=100000.0 status=APPROVED recommended_picked=False
2025-10-07 12:02:02,593 - INFO - event=MANAGER_DECISION user=alphie@gmail.com app=2 amount=100000.0 status=APPROVED recommended_picked=False
2025-10-07 12:02:02,593 - INFO - event=MANAGER_DECISION user=alphie@gmail.com app=2 amount=100000.0 status=APPROVED recommended_picked=False
2025-10-07 12:06:11,022 - INFO - event=LOGIN user=chota@gmail.com app=None amount=None status=None recommended_picked=None
2025-10-07 12:06:11,022 - INFO - event=LOGIN user=chota@gmail.com app=None amount=None status=None recommended_picked=None
2025-10-07 12:06:11,022 - INFO - event=LOGIN user=chota@gmail.com app=None amount=None status=None recommended_picked=None
2025-10-07 12:06:11,022 - INFO - event=LOGIN user=chota@gmail.com app=None amount=None status=None recommended_picked=None
2025-10-07 12:06:11,022 - INFO - event=LOGIN user=chota@gmail.com app=None amount=None status=None recommended_picked=None
2025-10-07 12:06:11,022 - INFO - event=LOGIN user=chota@gmail.com app=None amount=None status=None recommended_picked=None
2025-10-07 12:06:11,022 - INFO - event=LOGIN user=chota@gmail.com app=None amount=None status=None recommended_picked=None
2025-10-07 12:06:11,022 - INFO - event=LOGIN user=chota@gmail.com app=None amount=None status=None recommended_picked=None
2025-10-07 12:06:11,022 - INFO - event=LOGIN user=chota@gmail.com app=None amount=None status=None recommended_picked=None
2025-10-07 12:06:11,022 - INFO - event=LOGIN user=chota@gmail.com app=None amount=None status=None recommended_picked=None
2025-10-07 12:06:11,022 - INFO - event=LOGIN user=chota@gmail.com app=None amount=None status=None recommended_picked=None
2025-10-07 12:06:11,022 - INFO - event=LOGIN user=chota@gmail.com app=None amount=None status=None recommended_picked=None
2025-10-07 12:06:11,022 - INFO - event=LOGIN user=chota@gmail.com app=None amount=None status=None recommended_picked=None
2025-10-07 12:06:11,022 - INFO - event=LOGIN user=chota@gmail.com app=None amount=None status=None recommended_picked=None
2025-10-07 12:06:11,022 - INFO - event=LOGIN user=chota@gmail.com app=None amount=None status=None recommended_picked=None
2025-10-07 12:06:11,022 - INFO - event=LOGIN user=chota@gmail.com app=None amount=None status=None recommended_picked=None
2025-10-07 12:06:11,022 - INFO - event=LOGIN user=chota@gmail.com app=None amount=None status=None recommended_picked=None
2025-10-07 12:06:26,759 - INFO - event=APPLICATION_CREATED user=chota@gmail.com app=3 amount=500000.0 status=SUGGESTED recommended_picked=None
2025-10-07 12:06:26,759 - INFO - event=APPLICATION_CREATED user=chota@gmail.com app=3 amount=500000.0 status=SUGGESTED recommended_picked=None
2025-10-07 12:06:26,759 - INFO - event=APPLICATION_CREATED user=chota@gmail.com app=3 amount=500000.0 status=SUGGESTED recommended_picked=None
2025-10-07 12:06:26,759 - INFO - event=APPLICATION_CREATED user=chota@gmail.com app=3 amount=500000.0 status=SUGGESTED recommended_picked=None
2025-10-07 12:06:26,759 - INFO - event=APPLICATION_CREATED user=chota@gmail.com app=3 amount=500000.0 status=SUGGESTED recommended_picked=None
2025-10-07 12:06:26,759 - INFO - event=APPLICATION_CREATED user=chota@gmail.com app=3 amount=500000.0 status=SUGGESTED recommended_picked=None
2025-10-07 12:06:26,759 - INFO - event=APPLICATION_CREATED user=chota@gmail.com app=3 amount=500000.0 status=SUGGESTED recommended_picked=None
2025-10-07 12:06:26,759 - INFO - event=APPLICATION_CREATED user=chota@gmail.com app=3 amount=500000.0 status=SUGGESTED recommended_picked=None
2025-10-07 12:06:26,759 - INFO - event=APPLICATION_CREATED user=chota@gmail.com app=3 amount=500000.0 status=SUGGESTED recommended_picked=None
2025-10-07 12:06:26,759 - INFO - event=APPLICATION_CREATED user=chota@gmail.com app=3 amount=500000.0 status=SUGGESTED recommended_picked=None
2025-10-07 12:06:26,759 - INFO - event=APPLICATION_CREATED user=chota@gmail.com app=3 amount=500000.0 status=SUGGESTED recommended_picked=None
2025-10-07 12:06:26,759 - INFO - event=APPLICATION_CREATED user=chota@gmail.com app=3 amount=500000.0 status=SUGGESTED recommended_picked=None
2025-10-07 12:06:26,759 - INFO - event=APPLICATION_CREATED user=chota@gmail.com app=3 amount=500000.0 status=SUGGESTED recommended_picked=None
2025-10-07 12:06:26,759 - INFO - event=APPLICATION_CREATED user=chota@gmail.com app=3 amount=500000.0 status=SUGGESTED recommended_picked=None
2025-10-07 12:06:26,759 - INFO - event=APPLICATION_CREATED user=chota@gmail.com app=3 amount=500000.0 status=SUGGESTED recommended_picked=None
2025-10-07 12:06:26,759 - INFO - event=APPLICATION_CREATED user=chota@gmail.com app=3 amount=500000.0 status=SUGGESTED recommended_picked=None
2025-10-07 12:06:26,759 - INFO - event=APPLICATION_CREATED user=chota@gmail.com app=3 amount=500000.0 status=SUGGESTED recommended_picked=None
2025-10-07 12:06:26,759 - INFO - event=APPLICATION_CREATED user=chota@gmail.com app=3 amount=500000.0 status=SUGGESTED recommended_picked=None
2025-10-07 12:06:26,759 - INFO - event=APPLICATION_CREATED user=chota@gmail.com app=3 amount=500000.0 status=SUGGESTED recommended_picked=None
2025-10-07 12:06:30,700 - INFO - event=PICK_OPTION user=chota@gmail.com app=3 amount=500000.0 status=PENDING recommended_picked=False
2025-10-07 12:06:30,700 - INFO - event=PICK_OPTION user=chota@gmail.com app=3 amount=500000.0 status=PENDING recommended_picked=False
2025-10-07 12:06:30,700 - INFO - event=PICK_OPTION user=chota@gmail.com app=3 amount=500000.0 status=PENDING recommended_picked=False
2025-10-07 12:06:30,700 - INFO - event=PICK_OPTION user=chota@gmail.com app=3 amount=500000.0 status=PENDING recommended_picked=False
2025-10-07 12:06:30,700 - INFO - event=PICK_OPTION user=chota@gmail.com app=3 amount=500000.0 status=PENDING recommended_picked=False
2025-10-07 12:06:30,700 - INFO - event=PICK_OPTION user=chota@gmail.com app=3 amount=500000.0 status=PENDING recommended_picked=False
2025-10-07 12:06:30,700 - INFO - event=PICK_OPTION user=chota@gmail.com app=3 amount=500000.0 status=PENDING recommended_picked=False
2025-10-07 12:06:30,700 - INFO - event=PICK_OPTION user=chota@gmail.com app=3 amount=500000.0 status=PENDING recommended_picked=False
2025-10-07 12:06:30,700 - INFO - event=PICK_OPTION user=chota@gmail.com app=3 amount=500000.0 status=PENDING recommended_picked=False
2025-10-07 12:06:30,700 - INFO - event=PICK_OPTION user=chota@gmail.com app=3 amount=500000.0 status=PENDING recommended_picked=False
2025-10-07 12:06:30,700 - INFO - event=PICK_OPTION user=chota@gmail.com app=3 amount=500000.0 status=PENDING recommended_picked=False
2025-10-07 12:06:30,700 - INFO - event=PICK_OPTION user=chota@gmail.com app=3 amount=500000.0 status=PENDING recommended_picked=False
2025-10-07 12:06:30,700 - INFO - event=PICK_OPTION user=chota@gmail.com app=3 amount=500000.0 status=PENDING recommended_picked=False
2025-10-07 12:06:30,700 - INFO - event=PICK_OPTION user=chota@gmail.com app=3 amount=500000.0 status=PENDING recommended_picked=False
2025-10-07 12:06:30,700 - INFO - event=PICK_OPTION user=chota@gmail.com app=3 amount=500000.0 status=PENDING recommended_picked=False
2025-10-07 12:06:30,700 - INFO - event=PICK_OPTION user=chota@gmail.com app=3 amount=500000.0 status=PENDING recommended_picked=False
2025-10-07 12:06:30,700 - INFO - event=PICK_OPTION user=chota@gmail.com app=3 amount=500000.0 status=PENDING recommended_picked=False
2025-10-07 12:06:30,700 - INFO - event=PICK_OPTION user=chota@gmail.com app=3 amount=500000.0 status=PENDING recommended_picked=False
2025-10-07 12:06:30,700 - INFO - event=PICK_OPTION user=chota@gmail.com app=3 amount=500000.0 status=PENDING recommended_picked=False
2025-10-07 12:06:30,700 - INFO - event=PICK_OPTION user=chota@gmail.com app=3 amount=500000.0 status=PENDING recommended_picked=False
2025-10-07 12:06:34,198 - INFO - event=MANAGER_DECISION user=chota@gmail.com app=3 amount=500000.0 status=APPROVED recommended_picked=False
2025-10-07 12:06:34,198 - INFO - event=MANAGER_DECISION user=chota@gmail.com app=3 amount=500000.0 status=APPROVED recommended_picked=False
2025-10-07 12:06:34,198 - INFO - event=MANAGER_DECISION user=chota@gmail.com app=3 amount=500000.0 status=APPROVED recommended_picked=False
2025-10-07 12:06:34,198 - INFO - event=MANAGER_DECISION user=chota@gmail.com app=3 amount=500000.0 status=APPROVED recommended_picked=False
2025-10-07 12:06:34,198 - INFO - event=MANAGER_DECISION user=chota@gmail.com app=3 amount=500000.0 status=APPROVED recommended_picked=False
2025-10-07 12:06:34,198 - INFO - event=MANAGER_DECISION user=chota@gmail.com app=3 amount=500000.0 status=APPROVED recommended_picked=False
2025-10-07 12:06:34,198 - INFO - event=MANAGER_DECISION user=chota@gmail.com app=3 amount=500000.0 status=APPROVED recommended_picked=False
2025-10-07 12:06:34,198 - INFO - event=MANAGER_DECISION user=chota@gmail.com app=3 amount=500000.0 status=APPROVED recommended_picked=False
2025-10-07 12:06:34,198 - INFO - event=MANAGER_DECISION user=chota@gmail.com app=3 amount=500000.0 status=APPROVED recommended_picked=False
2025-10-07 12:06:34,198 - INFO - event=MANAGER_DECISION user=chota@gmail.com app=3 amount=500000.0 status=APPROVED recommended_picked=False
2025-10-07 12:06:34,198 - INFO - event=MANAGER_DECISION user=chota@gmail.com app=3 amount=500000.0 status=APPROVED recommended_picked=False
2025-10-07 12:06:34,198 - INFO - event=MANAGER_DECISION user=chota@gmail.com app=3 amount=500000.0 status=APPROVED recommended_picked=False
2025-10-07 12:06:34,198 - INFO - event=MANAGER_DECISION user=chota@gmail.com app=3 amount=500000.0 status=APPROVED recommended_picked=False
2025-10-07 12:06:34,198 - INFO - event=MANAGER_DECISION user=chota@gmail.com app=3 amount=500000.0 status=APPROVED recommended_picked=False
2025-10-07 12:06:34,198 - INFO - event=MANAGER_DECISION user=chota@gmail.com app=3 amount=500000.0 status=APPROVED recommended_picked=False
2025-10-07 12:06:34,198 - INFO - event=MANAGER_DECISION user=chota@gmail.com app=3 amount=500000.0 status=APPROVED recommended_picked=False
2025-10-07 12:06:34,198 - INFO - event=MANAGER_DECISION user=chota@gmail.com app=3 amount=500000.0 status=APPROVED recommended_picked=False
2025-10-07 12:06:34,198 - INFO - event=MANAGER_DECISION user=chota@gmail.com app=3 amount=500000.0 status=APPROVED recommended_picked=False
2025-10-07 12:06:34,198 - INFO - event=MANAGER_DECISION user=chota@gmail.com app=3 amount=500000.0 status=APPROVED recommended_picked=False
2025-10-07 12:06:34,198 - INFO - event=MANAGER_DECISION user=chota@gmail.com app=3 amount=500000.0 status=APPROVED recommended_picked=False
2025-10-07 12:06:34,198 - INFO - event=MANAGER_DECISION user=chota@gmail.com app=3 amount=500000.0 status=APPROVED recommended_picked=False
2025-10-07 12:06:34,198 - INFO - event=MANAGER_DECISION user=chota@gmail.com app=3 amount=500000.0 status=APPROVED recommended_picked=False
